2022-05-04 10:55:12,592 DEBUG decorators.py Function: get_server_addr_port(). Module: __main__. Calling from a function main(). 
2022-05-04 10:55:12,592 INFO client.py Server started at 127.0.0.1:55944
2022-05-04 10:55:12,592 DEBUG decorators.py Function: create_message(). Module: __main__. Calling from a function main(). 
2022-05-04 10:55:12,592 DEBUG client.py Message created
2022-05-04 10:55:12,593 DEBUG decorators.py Function: send_message(). Module: common.utils. Calling from a function main(). 
2022-05-04 10:55:12,593 DEBUG client.py The message has been sent
2022-05-04 10:55:12,594 DEBUG decorators.py Function: get_message(). Module: common.utils. Calling from a function main(). 
2022-05-04 10:55:12,594 DEBUG client.py Message received: {'response': 200}
2022-05-04 10:55:12,594 DEBUG decorators.py Function: handle_response(). Module: __main__. Calling from a function main(). 
2022-05-04 10:55:12,594 DEBUG client.py Message: 200 : OK
2022-05-04 11:10:00,755 DEBUG decorators.py Function: get_server_addr_port(). Module: __main__. Calling from a function main(). 
2022-05-04 11:10:00,756 INFO client.py Server started at 127.0.0.1:55946
2022-05-04 11:10:00,756 DEBUG decorators.py Function: create_message(). Module: __main__. Calling from a function main(). 
2022-05-04 11:10:00,756 DEBUG client.py Message created
2022-05-04 11:10:00,756 DEBUG decorators.py Function: send_message(). Module: common.utils. Calling from a function main(). 
2022-05-04 11:10:00,757 DEBUG client.py The message has been sent
2022-05-04 11:10:00,758 DEBUG decorators.py Function: get_message(). Module: common.utils. Calling from a function main(). 
2022-05-04 11:10:00,758 DEBUG client.py Message received: {'response': 200}
2022-05-04 11:10:00,758 DEBUG decorators.py Function: handle_response(). Module: __main__. Calling from a function main(). 
2022-05-04 11:10:00,758 DEBUG client.py Message: 200 : OK
2022-05-04 11:10:24,640 DEBUG decorators.py Function: get_server_addr_port(). Module: __main__. Calling from a function main(). 
2022-05-04 11:10:24,641 INFO client.py Server started at 127.0.0.1:55948
2022-05-04 11:10:24,641 DEBUG decorators.py Function: create_message(). Module: __main__. Calling from a function main(). 
2022-05-04 11:10:24,641 DEBUG client.py Message created
2022-05-04 11:10:24,641 DEBUG decorators.py Function: send_message(). Module: common.utils. Calling from a function main(). 
2022-05-04 11:10:24,641 DEBUG client.py The message has been sent
2022-05-04 11:10:24,642 DEBUG decorators.py Function: get_message(). Module: common.utils. Calling from a function main(). 
2022-05-04 11:10:24,642 DEBUG client.py Message received: {'response': 200}
2022-05-04 11:10:24,642 DEBUG decorators.py Function: handle_response(). Module: __main__. Calling from a function main(). 
2022-05-04 11:10:24,642 DEBUG client.py Message: 200 : OK
2022-05-04 11:10:36,016 DEBUG decorators.py Function: get_server_addr_port(). Module: __main__. Calling from a function main(). 
2022-05-04 11:10:50,384 CRITICAL client.py The port must be specified in the range from 1024 to 65535
2022-05-04 11:16:40,148 DEBUG decorators.py Function: create_parser(). Module: common.utils. Calling from a function main(). 
2022-05-04 11:16:40,149 INFO client.py Server started at 127.0.0.1:55954
2022-05-04 11:16:40,150 DEBUG decorators.py Function: create_message(). Module: __main__. Calling from a function main(). 
2022-05-04 11:16:40,150 DEBUG client.py Message created
2022-05-04 11:16:40,150 DEBUG decorators.py Function: send_message(). Module: common.utils. Calling from a function main(). 
2022-05-04 11:16:40,150 DEBUG client.py The message has been sent
2022-05-04 11:16:40,151 DEBUG decorators.py Function: get_message(). Module: common.utils. Calling from a function main(). 
2022-05-04 11:16:40,151 DEBUG client.py Message received: {'response': 200}
2022-05-04 11:16:40,151 DEBUG decorators.py Function: handle_response(). Module: __main__. Calling from a function main(). 
2022-05-04 11:16:40,152 DEBUG client.py Message: 200 : OK
2022-05-04 11:16:42,431 DEBUG decorators.py Function: create_parser(). Module: common.utils. Calling from a function main(). 
2022-05-04 11:16:42,432 INFO client.py Server started at 127.0.0.1:55956
2022-05-04 11:16:42,432 DEBUG decorators.py Function: create_message(). Module: __main__. Calling from a function main(). 
2022-05-04 11:16:42,432 DEBUG client.py Message created
2022-05-04 11:16:42,432 DEBUG decorators.py Function: send_message(). Module: common.utils. Calling from a function main(). 
2022-05-04 11:16:42,432 DEBUG client.py The message has been sent
2022-05-04 11:16:42,433 DEBUG decorators.py Function: get_message(). Module: common.utils. Calling from a function main(). 
2022-05-04 11:16:42,433 DEBUG client.py Message received: {'response': 200}
2022-05-04 11:16:42,434 DEBUG decorators.py Function: handle_response(). Module: __main__. Calling from a function main(). 
2022-05-04 11:16:42,434 DEBUG client.py Message: 200 : OK
2022-05-04 11:16:51,750 CRITICAL utils.py The port must be specified in the range from 1024 to 65535
2022-05-04 11:17:55,027 DEBUG decorators.py Function: create_parser(). Module: common.utils. Calling from a function main(). 
2022-05-04 11:17:55,028 INFO client.py Server started at 127.0.0.1:55958
2022-05-04 11:17:55,028 DEBUG decorators.py Function: create_message(). Module: __main__. Calling from a function main(). 
2022-05-04 11:17:55,029 DEBUG client.py Message created
2022-05-04 11:17:55,029 DEBUG decorators.py Function: send_message(). Module: common.utils. Calling from a function main(). 
2022-05-04 11:17:55,029 DEBUG client.py The message has been sent
2022-05-04 11:17:55,030 DEBUG decorators.py Function: get_message(). Module: common.utils. Calling from a function main(). 
2022-05-04 11:17:55,030 DEBUG client.py Message received: {'response': 200}
2022-05-04 11:17:55,030 DEBUG decorators.py Function: handle_response(). Module: __main__. Calling from a function main(). 
2022-05-04 11:17:55,030 DEBUG client.py Message: 200 : OK
2022-05-12 19:00:14,270 DEBUG decorators.py Function: create_parser(). Module: common.utils. Calling from a function main(). 
2022-05-12 19:00:14,270 INFO client.py Server started at 127.0.0.1:38910
2022-05-12 19:00:14,270 DEBUG client.py Message created
2022-05-12 19:00:14,270 DEBUG decorators.py Function: send_message(). Module: common.utils. Calling from a function main(). 
2022-05-12 19:00:14,270 DEBUG client.py The message has been sent
2022-05-12 19:00:14,271 DEBUG decorators.py Function: get_message(). Module: common.utils. Calling from a function main(). 
2022-05-12 19:00:14,271 DEBUG client.py Message received: {'response': 200}
2022-05-12 19:00:14,271 DEBUG client.py Message: 200 : OK
2022-05-12 19:00:28,665 DEBUG decorators.py Function: create_parser(). Module: common.utils. Calling from a function main(). 
2022-05-12 19:00:28,666 INFO client.py Server started at 127.0.0.1:38912
2022-05-12 19:00:28,666 DEBUG client.py Message created
2022-05-12 19:00:28,666 DEBUG decorators.py Function: send_message(). Module: common.utils. Calling from a function main(). 
2022-05-12 19:00:28,666 DEBUG client.py The message has been sent
2022-05-12 19:00:28,666 DEBUG decorators.py Function: get_message(). Module: common.utils. Calling from a function main(). 
2022-05-12 19:00:28,667 DEBUG client.py Message received: {'response': 200}
2022-05-12 19:00:28,667 DEBUG client.py Message: 200 : OK
2022-05-12 19:09:04,838 DEBUG decorators.py Function: create_parser(). Module: common.utils. Calling from a function main(). 
2022-05-12 19:09:04,839 INFO client.py Server started at 127.0.0.1:38918
2022-05-12 19:09:04,839 DEBUG decorators.py Function: create_message(). Module: __main__. Calling from a function main(). 
2022-05-12 19:09:04,839 DEBUG client.py Message created
2022-05-12 19:09:04,839 DEBUG decorators.py Function: send_message(). Module: common.utils. Calling from a function main(). 
2022-05-12 19:09:04,839 DEBUG client.py The message has been sent
2022-05-12 19:09:04,840 DEBUG decorators.py Function: get_message(). Module: common.utils. Calling from a function main(). 
2022-05-12 19:09:04,840 DEBUG client.py Message received: {'response': 200}
2022-05-12 19:09:04,840 DEBUG decorators.py Function: handle_response(). Module: __main__. Calling from a function main(). 
2022-05-12 19:09:04,840 DEBUG client.py Message: 200 : OK
2022-05-15 10:40:15,359 DEBUG decorators.py Function: create_parser(). Module: common.utils. Calling from a function main(). 
2022-05-15 10:40:15,360 INFO client.py Сonnecting to the server 127.0.0.1:49036
2022-05-15 10:40:15,360 DEBUG client.py Message created
2022-05-15 10:40:15,360 DEBUG decorators.py Function: send_message(). Module: common.utils. Calling from a function main(). 
2022-05-15 10:40:15,360 DEBUG client.py The message has been sent
2022-05-15 10:40:15,360 DEBUG decorators.py Function: get_message(). Module: common.utils. Calling from a function main(). 
2022-05-15 10:40:15,360 DEBUG client.py Message received: {'response': 200}
2022-05-15 10:40:15,360 DEBUG client.py Message: 200 : OK
2022-05-15 10:40:42,733 DEBUG decorators.py Function: create_parser(). Module: common.utils. Calling from a function main(). 
2022-05-15 10:40:42,734 INFO client.py Сonnecting to the server 127.0.0.1:49038
2022-05-15 10:40:42,734 DEBUG client.py Message created
2022-05-15 10:40:42,734 DEBUG decorators.py Function: send_message(). Module: common.utils. Calling from a function main(). 
2022-05-15 10:40:42,734 DEBUG client.py The message has been sent
2022-05-15 10:40:42,735 DEBUG decorators.py Function: get_message(). Module: common.utils. Calling from a function main(). 
2022-05-15 10:40:42,735 DEBUG client.py Message received: {'response': 200}
2022-05-15 10:40:42,735 DEBUG client.py Message: 200 : OK
2022-05-15 10:40:46,368 DEBUG decorators.py Function: send_message(). Module: common.utils. Calling from a function main(). 
2022-05-15 10:40:46,544 DEBUG decorators.py Function: get_message(). Module: common.utils. Calling from a function main(). 
2022-05-15 10:40:47,934 DEBUG decorators.py Function: send_message(). Module: common.utils. Calling from a function main(). 
2022-05-15 10:40:47,947 DEBUG decorators.py Function: get_message(). Module: common.utils. Calling from a function main(). 
2022-05-15 10:40:48,870 DEBUG decorators.py Function: send_message(). Module: common.utils. Calling from a function main(). 
2022-05-15 10:40:48,951 DEBUG decorators.py Function: get_message(). Module: common.utils. Calling from a function main(). 
2022-05-15 10:42:27,973 ERROR client.py The connection to the localhost server has been lost.
2022-05-15 10:42:30,602 DEBUG decorators.py Function: create_parser(). Module: common.utils. Calling from a function main(). 
2022-05-15 10:42:30,602 INFO client.py Сonnecting to the server 127.0.0.1:49040
2022-05-15 10:42:30,602 DEBUG client.py Message created
2022-05-15 10:42:30,603 DEBUG decorators.py Function: send_message(). Module: common.utils. Calling from a function main(). 
2022-05-15 10:42:30,603 DEBUG client.py The message has been sent
2022-05-15 10:42:30,603 DEBUG decorators.py Function: get_message(). Module: common.utils. Calling from a function main(). 
2022-05-15 10:42:30,603 DEBUG client.py Message received: {'response': 200}
2022-05-15 10:42:30,603 DEBUG client.py Message: 200 : OK
2022-05-15 10:42:35,121 DEBUG decorators.py Function: create_parser(). Module: common.utils. Calling from a function main(). 
2022-05-15 10:42:35,121 INFO client.py Сonnecting to the server 127.0.0.1:49042
2022-05-15 10:42:35,121 DEBUG client.py Message created
2022-05-15 10:42:35,121 DEBUG decorators.py Function: send_message(). Module: common.utils. Calling from a function main(). 
2022-05-15 10:42:35,121 DEBUG client.py The message has been sent
2022-05-15 10:42:35,122 DEBUG decorators.py Function: get_message(). Module: common.utils. Calling from a function main(). 
2022-05-15 10:42:35,122 DEBUG client.py Message received: {'response': 200}
2022-05-15 10:42:35,122 DEBUG client.py Message: 200 : OK
2022-05-15 10:42:41,327 DEBUG decorators.py Function: send_message(). Module: common.utils. Calling from a function main(). 
2022-05-15 10:42:41,337 DEBUG decorators.py Function: get_message(). Module: common.utils. Calling from a function main(). 
2022-05-15 10:42:43,409 DEBUG decorators.py Function: send_message(). Module: common.utils. Calling from a function main(). 
2022-05-15 10:42:43,542 DEBUG decorators.py Function: get_message(). Module: common.utils. Calling from a function main(). 
2022-05-15 10:42:44,821 DEBUG decorators.py Function: send_message(). Module: common.utils. Calling from a function main(). 
2022-05-15 10:42:44,947 DEBUG decorators.py Function: get_message(). Module: common.utils. Calling from a function main(). 
2022-05-15 10:42:46,544 DEBUG decorators.py Function: send_message(). Module: common.utils. Calling from a function main(). 
2022-05-15 10:42:46,551 DEBUG decorators.py Function: get_message(). Module: common.utils. Calling from a function main(). 
2022-05-15 10:42:50,187 ERROR client.py The connection to the localhost server has been lost.
2022-05-26 09:58:45,640 DEBUG decorators.py Function: create_parser(). Module: common.utils. Calling from a function main(). 
2022-05-26 09:58:45,640 INFO client.py Сonnecting to the server 127.0.0.1:47170
2022-05-26 09:58:45,640 DEBUG client.py Message created
2022-05-26 09:58:45,641 DEBUG decorators.py Function: send_message(). Module: common.utils. Calling from a function main(). 
2022-05-26 09:58:45,641 DEBUG client.py The message has been sent
2022-05-26 09:58:45,641 DEBUG decorators.py Function: get_message(). Module: common.utils. Calling from a function main(). 
2022-05-26 09:58:45,641 DEBUG client.py Message received: {'response': 200}
2022-05-26 09:58:45,641 DEBUG client.py Message: 200 : OK
2022-05-26 09:58:45,641 DEBUG client.py Processes are running
2022-05-26 09:58:52,559 DEBUG decorators.py Function: send_message(). Module: common.utils. Calling from a function self._bootstrap_inner(). 
2022-05-26 09:58:52,559 INFO client.py Completion of work on the user's command.
2022-05-26 09:59:22,585 DEBUG decorators.py Function: create_parser(). Module: common.utils. Calling from a function main(). 
2022-05-26 09:59:22,585 INFO client.py Сonnecting to the server 127.0.0.1:47172
2022-05-26 09:59:22,585 DEBUG client.py Message created
2022-05-26 09:59:22,585 DEBUG decorators.py Function: send_message(). Module: common.utils. Calling from a function main(). 
2022-05-26 09:59:22,585 DEBUG client.py The message has been sent
2022-05-26 09:59:22,586 DEBUG decorators.py Function: get_message(). Module: common.utils. Calling from a function main(). 
2022-05-26 09:59:22,586 DEBUG client.py Message received: {'response': 200}
2022-05-26 09:59:22,586 DEBUG client.py Message: 200 : OK
2022-05-26 09:59:22,586 DEBUG client.py Processes are running
2022-05-26 09:59:23,593 DEBUG decorators.py Function: create_parser(). Module: common.utils. Calling from a function main(). 
2022-05-26 09:59:23,594 INFO client.py Сonnecting to the server 127.0.0.1:47174
2022-05-26 09:59:23,594 DEBUG client.py Message created
2022-05-26 09:59:23,594 DEBUG decorators.py Function: send_message(). Module: common.utils. Calling from a function main(). 
2022-05-26 09:59:23,594 DEBUG client.py The message has been sent
2022-05-26 09:59:23,594 DEBUG decorators.py Function: get_message(). Module: common.utils. Calling from a function main(). 
2022-05-26 09:59:23,594 DEBUG client.py Message received: {'response': 200}
2022-05-26 09:59:23,594 DEBUG client.py Message: 200 : OK
2022-05-26 09:59:23,595 DEBUG client.py Processes are running
2022-05-26 09:59:24,597 DEBUG decorators.py Function: create_parser(). Module: common.utils. Calling from a function main(). 
2022-05-26 09:59:24,598 INFO client.py Сonnecting to the server 127.0.0.1:47176
2022-05-26 09:59:24,598 DEBUG client.py Message created
2022-05-26 09:59:24,598 DEBUG decorators.py Function: send_message(). Module: common.utils. Calling from a function main(). 
2022-05-26 09:59:24,598 DEBUG client.py The message has been sent
2022-05-26 09:59:24,599 DEBUG decorators.py Function: get_message(). Module: common.utils. Calling from a function main(). 
2022-05-26 09:59:24,599 DEBUG client.py Message received: {'response': 200}
2022-05-26 09:59:24,599 DEBUG client.py Message: 200 : OK
2022-05-26 09:59:24,599 DEBUG client.py Processes are running
2022-05-26 09:59:25,585 DEBUG decorators.py Function: create_parser(). Module: common.utils. Calling from a function main(). 
2022-05-26 09:59:25,585 INFO client.py Сonnecting to the server 127.0.0.1:47178
2022-05-26 09:59:25,585 DEBUG client.py Message created
2022-05-26 09:59:25,585 DEBUG decorators.py Function: send_message(). Module: common.utils. Calling from a function main(). 
2022-05-26 09:59:25,585 DEBUG client.py The message has been sent
2022-05-26 09:59:25,586 DEBUG decorators.py Function: get_message(). Module: common.utils. Calling from a function main(). 
2022-05-26 09:59:25,586 DEBUG client.py Message received: {'response': 200}
2022-05-26 09:59:25,586 DEBUG client.py Message: 200 : OK
2022-05-26 09:59:25,586 DEBUG client.py Processes are running
2022-05-26 09:59:34,998 DEBUG decorators.py Function: send_message(). Module: common.utils. Calling from a function self._bootstrap_inner(). 
2022-05-26 09:59:35,003 DEBUG decorators.py Function: get_message(). Module: common.utils. Calling from a function self._bootstrap_inner(). 
2022-05-26 09:59:54,371 DEBUG decorators.py Function: send_message(). Module: common.utils. Calling from a function self._bootstrap_inner(). 
2022-05-26 09:59:54,437 DEBUG decorators.py Function: get_message(). Module: common.utils. Calling from a function self._bootstrap_inner(). 
2022-05-26 09:59:54,437 INFO client.py Received a message from the user test4:
asdsd
2022-05-26 10:00:06,562 CRITICAL client.py The connection to the server is lost.
2022-05-26 10:00:06,562 CRITICAL client.py The connection to the server is lost.
2022-05-26 10:00:06,562 CRITICAL client.py The connection to the server is lost.
2022-05-26 10:00:06,562 CRITICAL client.py The connection to the server is lost.
2022-05-26 10:06:16,819 DEBUG decorators.py Function: create_parser(). Module: common.utils. Calling from a function main(). 
2022-05-28 16:15:49,461 DEBUG decorators.py Function: create_parser(). Module: common.utils. Calling from a function main(). 
2022-05-28 16:15:49,463 INFO client.py Сonnecting to the server 127.0.0.1:56716
2022-05-28 16:15:49,463 DEBUG client.py Message created
2022-05-28 16:15:49,463 DEBUG decorators.py Function: send_message(). Module: common.utils. Calling from a function main(). 
2022-05-28 16:15:49,463 DEBUG client.py The message has been sent
2022-05-28 16:15:49,465 DEBUG decorators.py Function: get_message(). Module: common.utils. Calling from a function main(). 
2022-05-28 16:15:49,465 DEBUG client.py Message received: {'response': 200}
2022-05-28 16:15:49,465 DEBUG client.py Message: 200 : OK
2022-05-28 16:15:49,466 DEBUG client.py Processes are running
2022-05-28 16:15:50,449 DEBUG decorators.py Function: create_parser(). Module: common.utils. Calling from a function main(). 
2022-05-28 16:15:50,450 INFO client.py Сonnecting to the server 127.0.0.1:56718
2022-05-28 16:15:50,450 DEBUG client.py Message created
2022-05-28 16:15:50,450 DEBUG decorators.py Function: send_message(). Module: common.utils. Calling from a function main(). 
2022-05-28 16:15:50,450 DEBUG client.py The message has been sent
2022-05-28 16:15:50,451 DEBUG decorators.py Function: get_message(). Module: common.utils. Calling from a function main(). 
2022-05-28 16:15:50,451 DEBUG client.py Message received: {'response': 200}
2022-05-28 16:15:50,451 DEBUG client.py Message: 200 : OK
2022-05-28 16:15:50,452 DEBUG client.py Processes are running
2022-05-28 16:16:49,793 DEBUG decorators.py Function: send_message(). Module: common.utils. Calling from a function self._bootstrap_inner(). 
2022-05-28 16:16:49,975 DEBUG decorators.py Function: get_message(). Module: common.utils. Calling from a function self._bootstrap_inner(). 
2022-05-28 16:16:49,975 INFO client.py Received a message from the user test1:
saasddsd
2022-05-28 16:17:21,818 DEBUG decorators.py Function: send_message(). Module: common.utils. Calling from a function self._bootstrap_inner(). 
2022-05-28 16:17:21,848 DEBUG decorators.py Function: get_message(). Module: common.utils. Calling from a function self._bootstrap_inner(). 
2022-05-28 16:17:21,848 INFO client.py Received a message from the user test1:
asdasd
2022-05-28 16:17:30,309 DEBUG decorators.py Function: send_message(). Module: common.utils. Calling from a function self._bootstrap_inner(). 
2022-05-28 16:17:30,469 DEBUG decorators.py Function: get_message(). Module: common.utils. Calling from a function self._bootstrap_inner(). 
2022-05-28 16:17:38,617 CRITICAL client.py The connection to the server is lost.
2022-05-28 16:17:38,617 CRITICAL client.py The connection to the server is lost.
2022-05-28 16:27:06,713 DEBUG decorators.py Function: create_parser(). Module: common.utils. Calling from a function main(). 
2022-05-28 16:27:06,714 INFO client.py Сonnecting to the server 127.0.0.1:56726
2022-05-28 16:27:06,714 DEBUG client.py Message created
2022-05-28 16:27:06,715 DEBUG decorators.py Function: send_message(). Module: common.utils. Calling from a function main(). 
2022-05-28 16:27:06,715 DEBUG client.py The message has been sent
2022-05-28 16:27:06,715 DEBUG decorators.py Function: get_message(). Module: common.utils. Calling from a function main(). 
2022-05-28 16:27:06,715 DEBUG client.py Message received: {'response': 200}
2022-05-28 16:27:06,715 DEBUG client.py Message: 200 : OK
2022-05-28 16:27:06,717 DEBUG client.py Processes are running
2022-05-28 16:27:07,708 DEBUG decorators.py Function: create_parser(). Module: common.utils. Calling from a function main(). 
2022-05-28 16:27:07,708 INFO client.py Сonnecting to the server 127.0.0.1:56728
2022-05-28 16:27:07,708 DEBUG client.py Message created
2022-05-28 16:27:07,709 DEBUG decorators.py Function: send_message(). Module: common.utils. Calling from a function main(). 
2022-05-28 16:27:07,709 DEBUG client.py The message has been sent
2022-05-28 16:27:07,710 DEBUG decorators.py Function: get_message(). Module: common.utils. Calling from a function main(). 
2022-05-28 16:27:07,710 DEBUG client.py Message received: {'response': 200}
2022-05-28 16:27:07,710 DEBUG client.py Message: 200 : OK
2022-05-28 16:27:07,710 DEBUG client.py Processes are running
2022-05-28 16:27:08,680 DEBUG decorators.py Function: create_parser(). Module: common.utils. Calling from a function main(). 
2022-05-28 16:27:08,681 INFO client.py Сonnecting to the server 127.0.0.1:56730
2022-05-28 16:27:08,681 DEBUG client.py Message created
2022-05-28 16:27:08,681 DEBUG decorators.py Function: send_message(). Module: common.utils. Calling from a function main(). 
2022-05-28 16:27:08,681 DEBUG client.py The message has been sent
2022-05-28 16:27:08,682 DEBUG decorators.py Function: get_message(). Module: common.utils. Calling from a function main(). 
2022-05-28 16:27:08,682 DEBUG client.py Message received: {'response': 200}
2022-05-28 16:27:08,683 DEBUG client.py Message: 200 : OK
2022-05-28 16:27:08,684 DEBUG client.py Processes are running
2022-05-28 16:27:25,963 DEBUG decorators.py Function: send_message(). Module: common.utils. Calling from a function self._bootstrap_inner(). 
2022-05-28 16:27:26,123 DEBUG decorators.py Function: get_message(). Module: common.utils. Calling from a function self._bootstrap_inner(). 
2022-05-28 16:27:26,123 INFO client.py Received a message from the user test3:
hi
2022-05-28 16:27:36,740 DEBUG decorators.py Function: send_message(). Module: common.utils. Calling from a function self._bootstrap_inner(). 
2022-05-28 16:27:36,749 DEBUG decorators.py Function: get_message(). Module: common.utils. Calling from a function self._bootstrap_inner(). 
2022-05-28 16:27:36,749 INFO client.py Received a message from the user test3:
hi
2022-05-28 16:27:45,515 DEBUG decorators.py Function: send_message(). Module: common.utils. Calling from a function self._bootstrap_inner(). 
2022-05-28 16:27:45,515 INFO client.py Completion of work on the user's command.
2022-05-28 16:27:53,084 CRITICAL client.py The connection to the server is lost.
2022-05-28 16:27:53,084 CRITICAL client.py The connection to the server is lost.
