2022-05-26 09:58:19,793 DEBUG decorators.py Function: create_parser(). Module: common.utils. Calling from a function main(). 
2022-05-26 09:58:19,793 INFO server.py Server started at 127.0.0.1:7779
2022-05-26 09:58:45,640 DEBUG server.py A client with the address has connected: ('127.0.0.1', 47170)
2022-05-26 09:58:45,641 DEBUG decorators.py Function: get_message(). Module: common.utils. Calling from a function main(). 
2022-05-26 09:58:45,641 DEBUG server.py Processing of the message from the client has begun : {'action': 'presence', 'time': '2022-05-26 09:58:45', 'type': 'status', 'user': {'account_name': 'Guest', 'status': ''}}
2022-05-26 09:58:45,641 DEBUG server.py added username Guest
2022-05-26 09:58:45,641 DEBUG decorators.py Function: send_message(). Module: common.utils. Calling from a function main(). 
2022-05-26 09:58:52,653 DEBUG decorators.py Function: get_message(). Module: common.utils. Calling from a function main(). 
2022-05-26 09:58:52,653 DEBUG server.py Processing of the message from the client has begun : {'action': 'exit', 'time': '2022-05-26 09:58:45', 'account_name': 'Guest'}
2022-05-26 09:59:21,800 DEBUG decorators.py Function: create_parser(). Module: common.utils. Calling from a function main(). 
2022-05-26 09:59:21,800 INFO server.py Server started at 127.0.0.1:7779
2022-05-26 09:59:22,585 DEBUG server.py A client with the address has connected: ('127.0.0.1', 47172)
2022-05-26 09:59:22,585 DEBUG decorators.py Function: get_message(). Module: common.utils. Calling from a function main(). 
2022-05-26 09:59:22,586 DEBUG server.py Processing of the message from the client has begun : {'action': 'presence', 'time': '2022-05-26 09:59:22', 'type': 'status', 'user': {'account_name': 'test1', 'status': ''}}
2022-05-26 09:59:22,586 DEBUG server.py added username test1
2022-05-26 09:59:22,586 DEBUG decorators.py Function: send_message(). Module: common.utils. Calling from a function main(). 
2022-05-26 09:59:23,594 DEBUG server.py A client with the address has connected: ('127.0.0.1', 47174)
2022-05-26 09:59:23,594 DEBUG decorators.py Function: get_message(). Module: common.utils. Calling from a function main(). 
2022-05-26 09:59:23,594 DEBUG server.py Processing of the message from the client has begun : {'action': 'presence', 'time': '2022-05-26 09:59:23', 'type': 'status', 'user': {'account_name': 'test2', 'status': ''}}
2022-05-26 09:59:23,594 DEBUG server.py added username test2
2022-05-26 09:59:23,594 DEBUG decorators.py Function: send_message(). Module: common.utils. Calling from a function main(). 
2022-05-26 09:59:24,598 DEBUG server.py A client with the address has connected: ('127.0.0.1', 47176)
2022-05-26 09:59:24,598 DEBUG decorators.py Function: get_message(). Module: common.utils. Calling from a function main(). 
2022-05-26 09:59:24,598 DEBUG server.py Processing of the message from the client has begun : {'action': 'presence', 'time': '2022-05-26 09:59:24', 'type': 'status', 'user': {'account_name': 'test3', 'status': ''}}
2022-05-26 09:59:24,598 DEBUG server.py added username test3
2022-05-26 09:59:24,599 DEBUG decorators.py Function: send_message(). Module: common.utils. Calling from a function main(). 
2022-05-26 09:59:25,585 DEBUG server.py A client with the address has connected: ('127.0.0.1', 47178)
2022-05-26 09:59:25,585 DEBUG decorators.py Function: get_message(). Module: common.utils. Calling from a function main(). 
2022-05-26 09:59:25,585 DEBUG server.py Processing of the message from the client has begun : {'action': 'presence', 'time': '2022-05-26 09:59:25', 'type': 'status', 'user': {'account_name': 'test4', 'status': ''}}
2022-05-26 09:59:25,585 DEBUG server.py added username test4
2022-05-26 09:59:25,586 DEBUG decorators.py Function: send_message(). Module: common.utils. Calling from a function main(). 
2022-05-26 09:59:35,002 DEBUG decorators.py Function: get_message(). Module: common.utils. Calling from a function main(). 
2022-05-26 09:59:35,002 DEBUG server.py Processing of the message from the client has begun : {'action': 'msg', 'time': '2022-05-26 09:59:25', 'to': 'asd', 'from': 'test4', 'encoding': '', 'message': 'asd'}
2022-05-26 09:59:35,002 ERROR server.py The user asd is not registered on the server, sending the message is not possible.
2022-05-26 09:59:35,003 DEBUG decorators.py Function: send_message(). Module: common.utils. Calling from a function main(). 
2022-05-26 09:59:54,436 DEBUG decorators.py Function: get_message(). Module: common.utils. Calling from a function main(). 
2022-05-26 09:59:54,436 DEBUG server.py Processing of the message from the client has begun : {'action': 'msg', 'time': '2022-05-26 09:59:25', 'to': 'test1', 'from': 'test4', 'encoding': '', 'message': 'asdsd'}
2022-05-26 09:59:54,436 DEBUG decorators.py Function: send_message(). Module: common.utils. Calling from a function main(). 
